<?xml version="1.0" encoding="UTF-8"?>
<testsuite xmlns:xsi="http://www.w3.org/2001/XMLSchema-instance" xsi:noNamespaceSchemaLocation="https://maven.apache.org/surefire/maven-surefire-plugin/xsd/surefire-test-report.xsd" name="com.trendyol.selenium.runners.TestRunner" time="74.596" tests="3" errors="0" skipped="0" failures="0">
  <properties>
[...]
</properties>
  <testcase name="User can login to system with correct credentials" classname="com.trendyol.selenium.runners.TestRunner" time="14.896"/>
  <testcase name="User click all boutiques and check images" classname="com.trendyol.selenium.runners.TestRunner" time="54.079"/>
  <testcase name="User select a product and add to basket" classname="com.trendyol.selenium.runners.TestRunner" time="5.137"/>
</testsuite>