<?xml version="1.0" encoding="UTF-8"?>
<testsuite xmlns:xsi="http://www.w3.org/2001/XMLSchema-instance" xsi:noNamespaceSchemaLocation="https://maven.apache.org/surefire/maven-surefire-plugin/xsd/surefire-test-report.xsd" name="com.example.selenium.runners.TestRunner" time="47.612" tests="3" errors="0" skipped="0" failures="0">
  <properties>
[...]
</properties>
  <testcase name="User can login to system with correct credentials" classname="com.example.selenium.runners.TestRunner" time="16.701"/>
  <testcase name="User click all boutiques and check images" classname="com.example.selenium.runners.TestRunner" time="26.325"/>
  <testcase name="User select a product and add to basket" classname="com.example.selenium.runners.TestRunner" time="4.379"/>
</testsuite>